  ECGP_application.c
  ECGP_link.c
D:\Develop\git\ECGP\src\ECGP_link.c(86,9): warning C4101: “i”: 未引用的局部变量
D:\Develop\git\ECGP\src\ECGP_link.c(140,43): warning C4305: “函数”: 从“unsigned int”到“u16”截断
D:\Develop\git\ECGP\src\ECGP_link.c(136,9): warning C4101: “i”: 未引用的局部变量
D:\Develop\git\ECGP\src\ECGP_link.c(258,52): warning C4305: “函数”: 从“unsigned int”到“u16”截断
  ECGP_network.c
  ECGP_presentation.c
  ECGP_transport .c
D:\Develop\git\ECGP\src\ECGP_transport .c(79,51): warning C4047: “函数”:“ECGP_Node_t *”与“ECGP_Node_t **”的间接级别不同
D:\Develop\git\ECGP\src\ECGP_transport .c(79,51): warning C4024: “ECGP_listDeleteNode”: 形参和实参 2 的类型不同
D:\Develop\git\ECGP\src\ECGP_transport .c(80,47): warning C4047: “函数”:“ECGP_Node_t *”与“ECGP_Node_t **”的间接级别不同
D:\Develop\git\ECGP\src\ECGP_transport .c(80,47): warning C4024: “ECGP_listAddNode”: 形参和实参 2 的类型不同
D:\Develop\git\ECGP\src\ECGP_transport .c(83,63): warning C4047: “函数”:“ECGP_Node_t *”与“ECGP_Node_t **”的间接级别不同
D:\Develop\git\ECGP\src\ECGP_transport .c(83,63): warning C4024: “ECGP_listGetNextNode”: 形参和实参 1 的类型不同
D:\Develop\git\ECGP\src\ECGP_transport .c(71,5): warning C4101: “i”: 未引用的局部变量
D:\Develop\git\ECGP\src\ECGP_transport .c(134,41): warning C4047: “函数”:“ECGP_Node_t *”与“ECGP_Node_t **”的间接级别不同
D:\Develop\git\ECGP\src\ECGP_transport .c(134,41): warning C4024: “ECGP_listAddNode”: 形参和实参 2 的类型不同
D:\Develop\git\ECGP\src\ECGP_transport .c(170,45): warning C4047: “函数”:“ECGP_Node_t *”与“ECGP_Node_t **”的间接级别不同
D:\Develop\git\ECGP\src\ECGP_transport .c(170,45): warning C4024: “ECGP_listDeleteNode”: 形参和实参 2 的类型不同
D:\Develop\git\ECGP\src\ECGP_transport .c(171,46): warning C4047: “函数”:“ECGP_Node_t *”与“ECGP_Node_t **”的间接级别不同
D:\Develop\git\ECGP\src\ECGP_transport .c(171,46): warning C4024: “ECGP_listAddNode”: 形参和实参 2 的类型不同
D:\Develop\git\ECGP\src\ECGP_transport .c(191,47): warning C4133: “=”: 从“ECGP_Node_t *”到“TransTx_node_t *”的类型不兼容
D:\Develop\git\ECGP\src\ECGP_transport .c(313,50): warning C4047: “函数”:“ECGP_Node_t *”与“ECGP_Node_t **”的间接级别不同
D:\Develop\git\ECGP\src\ECGP_transport .c(313,50): warning C4024: “ECGP_listDeleteNode”: 形参和实参 2 的类型不同
D:\Develop\git\ECGP\src\ECGP_transport .c(318,45): warning C4047: “函数”:“ECGP_Node_t *”与“ECGP_Node_t **”的间接级别不同
D:\Develop\git\ECGP\src\ECGP_transport .c(318,45): warning C4024: “ECGP_listAddNode”: 形参和实参 2 的类型不同
D:\Develop\git\ECGP\src\ECGP_transport .c(322,47): warning C4047: “函数”:“ECGP_Node_t *”与“ECGP_Node_t **”的间接级别不同
D:\Develop\git\ECGP\src\ECGP_transport .c(322,47): warning C4024: “ECGP_listAddNode”: 形参和实参 2 的类型不同
D:\Develop\git\ECGP\src\ECGP_transport .c(336,43): warning C4047: “函数”:“ECGP_Node_t *”与“ECGP_Node_t **”的间接级别不同
D:\Develop\git\ECGP\src\ECGP_transport .c(336,43): warning C4024: “ECGP_listGetNextNode”: 形参和实参 1 的类型不同
D:\Develop\git\ECGP\src\ECGP_transport .c(336,44): warning C4133: “=”: 从“ECGP_Node_t *”到“TransTx_node_t *”的类型不兼容
D:\Develop\git\ECGP\src\ECGP_transport .c(374,55): warning C4047: “函数”:“ECGP_Node_t *”与“ECGP_Node_t **”的间接级别不同
D:\Develop\git\ECGP\src\ECGP_transport .c(374,55): warning C4024: “ECGP_listAddNode”: 形参和实参 2 的类型不同
  simulate.c
  main.c
D:\Develop\git\ECGP\simulate\Windows\src\main.c(37,20): warning C4013: “ECGP_setTxCallback”未定义；假设外部返回 int
D:\Develop\git\ECGP\simulate\Windows\src\main.c(53,36): warning C4267: “函数”: 从“size_t”转换到“u16”，可能丢失数据
  正在生成代码...
D:\Develop\git\ECGP\src\ECGP_link.c(420): warning C4715: “ECGP_linkRecv”: 不是所有的控件路径都返回值
  Windows.vcxproj -> D:\Develop\git\ECGP\simulate\Windows\Debug\Windows.exe
